[23-Jun-2021 16:22:09 UTC] PHP Warning:  require(/home/kesdamkl/public_html/public/../vendor/autoload.php): failed to open stream: No such file or directory in /home/kesdamkl/public_html/public/index.php on line 24
[23-Jun-2021 16:22:09 UTC] PHP Warning:  require(/home/kesdamkl/public_html/public/../vendor/autoload.php): failed to open stream: No such file or directory in /home/kesdamkl/public_html/public/index.php on line 24
[23-Jun-2021 16:22:09 UTC] PHP Fatal error:  require(): Failed opening required '/home/kesdamkl/public_html/public/../vendor/autoload.php' (include_path='.:/opt/cpanel/ea-php72/root/usr/share/pear') in /home/kesdamkl/public_html/public/index.php on line 24
[23-Jun-2021 16:22:16 UTC] PHP Warning:  require(/home/kesdamkl/public_html/public/../vendor/autoload.php): failed to open stream: No such file or directory in /home/kesdamkl/public_html/public/index.php on line 24
[23-Jun-2021 16:22:16 UTC] PHP Warning:  require(/home/kesdamkl/public_html/public/../vendor/autoload.php): failed to open stream: No such file or directory in /home/kesdamkl/public_html/public/index.php on line 24
[23-Jun-2021 16:22:16 UTC] PHP Fatal error:  require(): Failed opening required '/home/kesdamkl/public_html/public/../vendor/autoload.php' (include_path='.:/opt/cpanel/ea-php72/root/usr/share/pear') in /home/kesdamkl/public_html/public/index.php on line 24
[23-Jun-2021 16:23:29 UTC] PHP Warning:  require(/home/kesdamkl/public_html/public/../vendor/autoload.php): failed to open stream: No such file or directory in /home/kesdamkl/public_html/public/index.php on line 24
[23-Jun-2021 16:23:29 UTC] PHP Warning:  require(/home/kesdamkl/public_html/public/../vendor/autoload.php): failed to open stream: No such file or directory in /home/kesdamkl/public_html/public/index.php on line 24
[23-Jun-2021 16:23:29 UTC] PHP Fatal error:  require(): Failed opening required '/home/kesdamkl/public_html/public/../vendor/autoload.php' (include_path='.:/opt/cpanel/ea-php72/root/usr/share/pear') in /home/kesdamkl/public_html/public/index.php on line 24
[23-Jun-2021 16:23:46 UTC] PHP Warning:  require(/home/kesdamkl/public_html/public/../vendor/autoload.php): failed to open stream: No such file or directory in /home/kesdamkl/public_html/public/index.php on line 24
[23-Jun-2021 16:23:46 UTC] PHP Warning:  require(/home/kesdamkl/public_html/public/../vendor/autoload.php): failed to open stream: No such file or directory in /home/kesdamkl/public_html/public/index.php on line 24
[23-Jun-2021 16:23:46 UTC] PHP Fatal error:  require(): Failed opening required '/home/kesdamkl/public_html/public/../vendor/autoload.php' (include_path='.:/opt/cpanel/ea-php72/root/usr/share/pear') in /home/kesdamkl/public_html/public/index.php on line 24
[23-Jun-2021 16:24:59 UTC] PHP Warning:  require(/home/kesdamkl/public_html/public/../vendor/autoload.php): failed to open stream: No such file or directory in /home/kesdamkl/public_html/public/index.php on line 24
[23-Jun-2021 16:24:59 UTC] PHP Warning:  require(/home/kesdamkl/public_html/public/../vendor/autoload.php): failed to open stream: No such file or directory in /home/kesdamkl/public_html/public/index.php on line 24
[23-Jun-2021 16:24:59 UTC] PHP Fatal error:  require(): Failed opening required '/home/kesdamkl/public_html/public/../vendor/autoload.php' (include_path='.:/opt/cpanel/ea-php72/root/usr/share/pear') in /home/kesdamkl/public_html/public/index.php on line 24
[23-Jun-2021 16:25:00 UTC] PHP Warning:  require(/home/kesdamkl/public_html/public/../vendor/autoload.php): failed to open stream: No such file or directory in /home/kesdamkl/public_html/public/index.php on line 24
[23-Jun-2021 16:25:00 UTC] PHP Warning:  require(/home/kesdamkl/public_html/public/../vendor/autoload.php): failed to open stream: No such file or directory in /home/kesdamkl/public_html/public/index.php on line 24
[23-Jun-2021 16:25:00 UTC] PHP Fatal error:  require(): Failed opening required '/home/kesdamkl/public_html/public/../vendor/autoload.php' (include_path='.:/opt/cpanel/ea-php72/root/usr/share/pear') in /home/kesdamkl/public_html/public/index.php on line 24
[23-Jun-2021 16:25:01 UTC] PHP Warning:  require(/home/kesdamkl/public_html/public/../vendor/autoload.php): failed to open stream: No such file or directory in /home/kesdamkl/public_html/public/index.php on line 24
[23-Jun-2021 16:25:01 UTC] PHP Warning:  require(/home/kesdamkl/public_html/public/../vendor/autoload.php): failed to open stream: No such file or directory in /home/kesdamkl/public_html/public/index.php on line 24
[23-Jun-2021 16:25:01 UTC] PHP Fatal error:  require(): Failed opening required '/home/kesdamkl/public_html/public/../vendor/autoload.php' (include_path='.:/opt/cpanel/ea-php72/root/usr/share/pear') in /home/kesdamkl/public_html/public/index.php on line 24
[23-Jun-2021 16:25:01 UTC] PHP Warning:  require(/home/kesdamkl/public_html/public/../vendor/autoload.php): failed to open stream: No such file or directory in /home/kesdamkl/public_html/public/index.php on line 24
[23-Jun-2021 16:25:01 UTC] PHP Warning:  require(/home/kesdamkl/public_html/public/../vendor/autoload.php): failed to open stream: No such file or directory in /home/kesdamkl/public_html/public/index.php on line 24
[23-Jun-2021 16:25:01 UTC] PHP Fatal error:  require(): Failed opening required '/home/kesdamkl/public_html/public/../vendor/autoload.php' (include_path='.:/opt/cpanel/ea-php72/root/usr/share/pear') in /home/kesdamkl/public_html/public/index.php on line 24
[23-Jun-2021 16:25:03 UTC] PHP Warning:  require(/home/kesdamkl/public_html/public/../vendor/autoload.php): failed to open stream: No such file or directory in /home/kesdamkl/public_html/public/index.php on line 24
[23-Jun-2021 16:25:03 UTC] PHP Warning:  require(/home/kesdamkl/public_html/public/../vendor/autoload.php): failed to open stream: No such file or directory in /home/kesdamkl/public_html/public/index.php on line 24
[23-Jun-2021 16:25:03 UTC] PHP Fatal error:  require(): Failed opening required '/home/kesdamkl/public_html/public/../vendor/autoload.php' (include_path='.:/opt/cpanel/ea-php72/root/usr/share/pear') in /home/kesdamkl/public_html/public/index.php on line 24
[23-Jun-2021 16:25:04 UTC] PHP Warning:  require(/home/kesdamkl/public_html/public/../vendor/autoload.php): failed to open stream: No such file or directory in /home/kesdamkl/public_html/public/index.php on line 24
[23-Jun-2021 16:25:04 UTC] PHP Warning:  require(/home/kesdamkl/public_html/public/../vendor/autoload.php): failed to open stream: No such file or directory in /home/kesdamkl/public_html/public/index.php on line 24
[23-Jun-2021 16:25:04 UTC] PHP Fatal error:  require(): Failed opening required '/home/kesdamkl/public_html/public/../vendor/autoload.php' (include_path='.:/opt/cpanel/ea-php72/root/usr/share/pear') in /home/kesdamkl/public_html/public/index.php on line 24
[23-Jun-2021 16:25:09 UTC] PHP Warning:  require(/home/kesdamkl/public_html/public/../vendor/autoload.php): failed to open stream: No such file or directory in /home/kesdamkl/public_html/public/index.php on line 24
[23-Jun-2021 16:25:09 UTC] PHP Warning:  require(/home/kesdamkl/public_html/public/../vendor/autoload.php): failed to open stream: No such file or directory in /home/kesdamkl/public_html/public/index.php on line 24
[23-Jun-2021 16:25:09 UTC] PHP Fatal error:  require(): Failed opening required '/home/kesdamkl/public_html/public/../vendor/autoload.php' (include_path='.:/opt/cpanel/ea-php72/root/usr/share/pear') in /home/kesdamkl/public_html/public/index.php on line 24
[23-Jun-2021 16:29:37 UTC] PHP Warning:  require(/home/kesdamkl/public_html/public/../vendor/autoload.php): failed to open stream: No such file or directory in /home/kesdamkl/public_html/public/index.php on line 24
[23-Jun-2021 16:29:37 UTC] PHP Warning:  require(/home/kesdamkl/public_html/public/../vendor/autoload.php): failed to open stream: No such file or directory in /home/kesdamkl/public_html/public/index.php on line 24
[23-Jun-2021 16:29:37 UTC] PHP Fatal error:  require(): Failed opening required '/home/kesdamkl/public_html/public/../vendor/autoload.php' (include_path='.:/opt/cpanel/ea-php72/root/usr/share/pear') in /home/kesdamkl/public_html/public/index.php on line 24
[23-Jun-2021 16:29:37 UTC] PHP Warning:  require(/home/kesdamkl/public_html/public/../vendor/autoload.php): failed to open stream: No such file or directory in /home/kesdamkl/public_html/public/index.php on line 24
[23-Jun-2021 16:29:37 UTC] PHP Warning:  require(/home/kesdamkl/public_html/public/../vendor/autoload.php): failed to open stream: No such file or directory in /home/kesdamkl/public_html/public/index.php on line 24
[23-Jun-2021 16:29:37 UTC] PHP Fatal error:  require(): Failed opening required '/home/kesdamkl/public_html/public/../vendor/autoload.php' (include_path='.:/opt/cpanel/ea-php72/root/usr/share/pear') in /home/kesdamkl/public_html/public/index.php on line 24
[23-Jun-2021 16:29:38 UTC] PHP Warning:  require(/home/kesdamkl/public_html/public/../vendor/autoload.php): failed to open stream: No such file or directory in /home/kesdamkl/public_html/public/index.php on line 24
[23-Jun-2021 16:29:38 UTC] PHP Warning:  require(/home/kesdamkl/public_html/public/../vendor/autoload.php): failed to open stream: No such file or directory in /home/kesdamkl/public_html/public/index.php on line 24
[23-Jun-2021 16:29:38 UTC] PHP Fatal error:  require(): Failed opening required '/home/kesdamkl/public_html/public/../vendor/autoload.php' (include_path='.:/opt/cpanel/ea-php72/root/usr/share/pear') in /home/kesdamkl/public_html/public/index.php on line 24
[23-Jun-2021 16:29:39 UTC] PHP Warning:  require(/home/kesdamkl/public_html/public/../vendor/autoload.php): failed to open stream: No such file or directory in /home/kesdamkl/public_html/public/index.php on line 24
[23-Jun-2021 16:29:39 UTC] PHP Warning:  require(/home/kesdamkl/public_html/public/../vendor/autoload.php): failed to open stream: No such file or directory in /home/kesdamkl/public_html/public/index.php on line 24
[23-Jun-2021 16:29:39 UTC] PHP Fatal error:  require(): Failed opening required '/home/kesdamkl/public_html/public/../vendor/autoload.php' (include_path='.:/opt/cpanel/ea-php72/root/usr/share/pear') in /home/kesdamkl/public_html/public/index.php on line 24
[23-Jun-2021 16:29:42 UTC] PHP Warning:  require(/home/kesdamkl/public_html/public/../vendor/autoload.php): failed to open stream: No such file or directory in /home/kesdamkl/public_html/public/index.php on line 24
[23-Jun-2021 16:29:42 UTC] PHP Warning:  require(/home/kesdamkl/public_html/public/../vendor/autoload.php): failed to open stream: No such file or directory in /home/kesdamkl/public_html/public/index.php on line 24
[23-Jun-2021 16:29:42 UTC] PHP Fatal error:  require(): Failed opening required '/home/kesdamkl/public_html/public/../vendor/autoload.php' (include_path='.:/opt/cpanel/ea-php72/root/usr/share/pear') in /home/kesdamkl/public_html/public/index.php on line 24
[23-Jun-2021 16:29:44 UTC] PHP Warning:  require(/home/kesdamkl/public_html/public/../vendor/autoload.php): failed to open stream: No such file or directory in /home/kesdamkl/public_html/public/index.php on line 24
[23-Jun-2021 16:29:44 UTC] PHP Warning:  require(/home/kesdamkl/public_html/public/../vendor/autoload.php): failed to open stream: No such file or directory in /home/kesdamkl/public_html/public/index.php on line 24
[23-Jun-2021 16:29:44 UTC] PHP Fatal error:  require(): Failed opening required '/home/kesdamkl/public_html/public/../vendor/autoload.php' (include_path='.:/opt/cpanel/ea-php72/root/usr/share/pear') in /home/kesdamkl/public_html/public/index.php on line 24
[23-Jun-2021 16:29:47 UTC] PHP Warning:  require(/home/kesdamkl/public_html/public/../vendor/autoload.php): failed to open stream: No such file or directory in /home/kesdamkl/public_html/public/index.php on line 24
[23-Jun-2021 16:29:47 UTC] PHP Warning:  require(/home/kesdamkl/public_html/public/../vendor/autoload.php): failed to open stream: No such file or directory in /home/kesdamkl/public_html/public/index.php on line 24
[23-Jun-2021 16:29:47 UTC] PHP Fatal error:  require(): Failed opening required '/home/kesdamkl/public_html/public/../vendor/autoload.php' (include_path='.:/opt/cpanel/ea-php72/root/usr/share/pear') in /home/kesdamkl/public_html/public/index.php on line 24
[23-Jun-2021 16:30:21 UTC] PHP Warning:  require(/home/kesdamkl/public_html/public/../vendor/autoload.php): failed to open stream: No such file or directory in /home/kesdamkl/public_html/public/index.php on line 24
[23-Jun-2021 16:30:21 UTC] PHP Warning:  require(/home/kesdamkl/public_html/public/../vendor/autoload.php): failed to open stream: No such file or directory in /home/kesdamkl/public_html/public/index.php on line 24
[23-Jun-2021 16:30:21 UTC] PHP Fatal error:  require(): Failed opening required '/home/kesdamkl/public_html/public/../vendor/autoload.php' (include_path='.:/opt/cpanel/ea-php72/root/usr/share/pear') in /home/kesdamkl/public_html/public/index.php on line 24
[23-Jun-2021 16:30:21 UTC] PHP Warning:  require(/home/kesdamkl/public_html/public/../vendor/autoload.php): failed to open stream: No such file or directory in /home/kesdamkl/public_html/public/index.php on line 24
[23-Jun-2021 16:30:21 UTC] PHP Warning:  require(/home/kesdamkl/public_html/public/../vendor/autoload.php): failed to open stream: No such file or directory in /home/kesdamkl/public_html/public/index.php on line 24
[23-Jun-2021 16:30:21 UTC] PHP Fatal error:  require(): Failed opening required '/home/kesdamkl/public_html/public/../vendor/autoload.php' (include_path='.:/opt/cpanel/ea-php72/root/usr/share/pear') in /home/kesdamkl/public_html/public/index.php on line 24
[23-Jun-2021 16:30:23 UTC] PHP Warning:  require(/home/kesdamkl/public_html/public/../vendor/autoload.php): failed to open stream: No such file or directory in /home/kesdamkl/public_html/public/index.php on line 24
[23-Jun-2021 16:30:23 UTC] PHP Warning:  require(/home/kesdamkl/public_html/public/../vendor/autoload.php): failed to open stream: No such file or directory in /home/kesdamkl/public_html/public/index.php on line 24
[23-Jun-2021 16:30:23 UTC] PHP Fatal error:  require(): Failed opening required '/home/kesdamkl/public_html/public/../vendor/autoload.php' (include_path='.:/opt/cpanel/ea-php72/root/usr/share/pear') in /home/kesdamkl/public_html/public/index.php on line 24
[23-Jun-2021 16:30:34 UTC] PHP Warning:  require(/home/kesdamkl/public_html/public/../vendor/autoload.php): failed to open stream: No such file or directory in /home/kesdamkl/public_html/public/index.php on line 24
[23-Jun-2021 16:30:34 UTC] PHP Warning:  require(/home/kesdamkl/public_html/public/../vendor/autoload.php): failed to open stream: No such file or directory in /home/kesdamkl/public_html/public/index.php on line 24
[23-Jun-2021 16:30:34 UTC] PHP Fatal error:  require(): Failed opening required '/home/kesdamkl/public_html/public/../vendor/autoload.php' (include_path='.:/opt/cpanel/ea-php72/root/usr/share/pear') in /home/kesdamkl/public_html/public/index.php on line 24
[23-Jun-2021 16:30:36 UTC] PHP Warning:  require(/home/kesdamkl/public_html/public/../vendor/autoload.php): failed to open stream: No such file or directory in /home/kesdamkl/public_html/public/index.php on line 24
[23-Jun-2021 16:30:36 UTC] PHP Warning:  require(/home/kesdamkl/public_html/public/../vendor/autoload.php): failed to open stream: No such file or directory in /home/kesdamkl/public_html/public/index.php on line 24
[23-Jun-2021 16:30:36 UTC] PHP Fatal error:  require(): Failed opening required '/home/kesdamkl/public_html/public/../vendor/autoload.php' (include_path='.:/opt/cpanel/ea-php72/root/usr/share/pear') in /home/kesdamkl/public_html/public/index.php on line 24
[23-Jun-2021 16:30:44 UTC] PHP Warning:  require(/home/kesdamkl/public_html/public/../vendor/autoload.php): failed to open stream: No such file or directory in /home/kesdamkl/public_html/public/index.php on line 24
[23-Jun-2021 16:30:44 UTC] PHP Warning:  require(/home/kesdamkl/public_html/public/../vendor/autoload.php): failed to open stream: No such file or directory in /home/kesdamkl/public_html/public/index.php on line 24
[23-Jun-2021 16:30:44 UTC] PHP Fatal error:  require(): Failed opening required '/home/kesdamkl/public_html/public/../vendor/autoload.php' (include_path='.:/opt/cpanel/ea-php72/root/usr/share/pear') in /home/kesdamkl/public_html/public/index.php on line 24
[23-Jun-2021 16:30:47 UTC] PHP Warning:  require(/home/kesdamkl/public_html/public/../vendor/autoload.php): failed to open stream: No such file or directory in /home/kesdamkl/public_html/public/index.php on line 24
[23-Jun-2021 16:30:47 UTC] PHP Warning:  require(/home/kesdamkl/public_html/public/../vendor/autoload.php): failed to open stream: No such file or directory in /home/kesdamkl/public_html/public/index.php on line 24
[23-Jun-2021 16:30:47 UTC] PHP Fatal error:  require(): Failed opening required '/home/kesdamkl/public_html/public/../vendor/autoload.php' (include_path='.:/opt/cpanel/ea-php72/root/usr/share/pear') in /home/kesdamkl/public_html/public/index.php on line 24
[23-Jun-2021 16:31:03 UTC] PHP Warning:  require(/home/kesdamkl/public_html/public/../vendor/autoload.php): failed to open stream: No such file or directory in /home/kesdamkl/public_html/public/index.php on line 24
[23-Jun-2021 16:31:03 UTC] PHP Warning:  require(/home/kesdamkl/public_html/public/../vendor/autoload.php): failed to open stream: No such file or directory in /home/kesdamkl/public_html/public/index.php on line 24
[23-Jun-2021 16:31:03 UTC] PHP Fatal error:  require(): Failed opening required '/home/kesdamkl/public_html/public/../vendor/autoload.php' (include_path='.:/opt/cpanel/ea-php72/root/usr/share/pear') in /home/kesdamkl/public_html/public/index.php on line 24
[23-Jun-2021 16:31:50 UTC] PHP Warning:  require(/home/kesdamkl/public_html/public/../vendor/autoload.php): failed to open stream: No such file or directory in /home/kesdamkl/public_html/public/index.php on line 24
[23-Jun-2021 16:31:50 UTC] PHP Warning:  require(/home/kesdamkl/public_html/public/../vendor/autoload.php): failed to open stream: No such file or directory in /home/kesdamkl/public_html/public/index.php on line 24
[23-Jun-2021 16:31:50 UTC] PHP Fatal error:  require(): Failed opening required '/home/kesdamkl/public_html/public/../vendor/autoload.php' (include_path='.:/opt/cpanel/ea-php72/root/usr/share/pear') in /home/kesdamkl/public_html/public/index.php on line 24
[23-Jun-2021 16:31:50 UTC] PHP Warning:  require(/home/kesdamkl/public_html/public/../vendor/autoload.php): failed to open stream: No such file or directory in /home/kesdamkl/public_html/public/index.php on line 24
[23-Jun-2021 16:31:50 UTC] PHP Warning:  require(/home/kesdamkl/public_html/public/../vendor/autoload.php): failed to open stream: No such file or directory in /home/kesdamkl/public_html/public/index.php on line 24
[23-Jun-2021 16:31:50 UTC] PHP Fatal error:  require(): Failed opening required '/home/kesdamkl/public_html/public/../vendor/autoload.php' (include_path='.:/opt/cpanel/ea-php72/root/usr/share/pear') in /home/kesdamkl/public_html/public/index.php on line 24
[26-Jun-2021 06:19:21 Asia/Jakarta] PHP Fatal error:  Uncaught ErrorException: get_class() expects parameter 1 to be object, null given in /home/kesdamkl/public_html/app/Exceptions/Handler.php:48
Stack trace:
#0 [internal function]: Illuminate\Foundation\Bootstrap\HandleExceptions->handleError(2, 'get_class() exp...', '/home/kesdamkl/...', 48, Array)
#1 /home/kesdamkl/public_html/app/Exceptions/Handler.php(48): get_class(NULL)
#2 /home/kesdamkl/public_html/vendor/laravel/framework/src/Illuminate/Foundation/Bootstrap/HandleExceptions.php(123): App\Exceptions\Handler->render(Object(Illuminate\Http\Request), Object(ErrorException))
#3 /home/kesdamkl/public_html/vendor/laravel/framework/src/Illuminate/Foundation/Bootstrap/HandleExceptions.php(100): Illuminate\Foundation\Bootstrap\HandleExceptions->renderHttpResponse(Object(ErrorException))
#4 [internal function]: Illuminate\Foundation\Bootstrap\HandleExceptions->handleException(Object(ErrorException))
#5 {main}
  thrown in /home/kesdamkl/public_html/app/Exceptions/Handler.php on line 48
[26-Jun-2021 06:19:27 Asia/Jakarta] PHP Fatal error:  Uncaught ErrorException: get_class() expects parameter 1 to be object, null given in /home/kesdamkl/public_html/app/Exceptions/Handler.php:48
Stack trace:
#0 [internal function]: Illuminate\Foundation\Bootstrap\HandleExceptions->handleError(2, 'get_class() exp...', '/home/kesdamkl/...', 48, Array)
#1 /home/kesdamkl/public_html/app/Exceptions/Handler.php(48): get_class(NULL)
#2 /home/kesdamkl/public_html/vendor/laravel/framework/src/Illuminate/Foundation/Bootstrap/HandleExceptions.php(123): App\Exceptions\Handler->render(Object(Illuminate\Http\Request), Object(ErrorException))
#3 /home/kesdamkl/public_html/vendor/laravel/framework/src/Illuminate/Foundation/Bootstrap/HandleExceptions.php(100): Illuminate\Foundation\Bootstrap\HandleExceptions->renderHttpResponse(Object(ErrorException))
#4 [internal function]: Illuminate\Foundation\Bootstrap\HandleExceptions->handleException(Object(ErrorException))
#5 {main}
  thrown in /home/kesdamkl/public_html/app/Exceptions/Handler.php on line 48
[26-Jun-2021 06:19:29 Asia/Jakarta] PHP Fatal error:  Uncaught ErrorException: get_class() expects parameter 1 to be object, null given in /home/kesdamkl/public_html/app/Exceptions/Handler.php:48
Stack trace:
#0 [internal function]: Illuminate\Foundation\Bootstrap\HandleExceptions->handleError(2, 'get_class() exp...', '/home/kesdamkl/...', 48, Array)
#1 /home/kesdamkl/public_html/app/Exceptions/Handler.php(48): get_class(NULL)
#2 /home/kesdamkl/public_html/vendor/laravel/framework/src/Illuminate/Foundation/Bootstrap/HandleExceptions.php(123): App\Exceptions\Handler->render(Object(Illuminate\Http\Request), Object(ErrorException))
#3 /home/kesdamkl/public_html/vendor/laravel/framework/src/Illuminate/Foundation/Bootstrap/HandleExceptions.php(100): Illuminate\Foundation\Bootstrap\HandleExceptions->renderHttpResponse(Object(ErrorException))
#4 [internal function]: Illuminate\Foundation\Bootstrap\HandleExceptions->handleException(Object(ErrorException))
#5 {main}
  thrown in /home/kesdamkl/public_html/app/Exceptions/Handler.php on line 48
[26-Jun-2021 06:19:29 Asia/Jakarta] PHP Fatal error:  Uncaught ErrorException: get_class() expects parameter 1 to be object, null given in /home/kesdamkl/public_html/app/Exceptions/Handler.php:48
Stack trace:
#0 [internal function]: Illuminate\Foundation\Bootstrap\HandleExceptions->handleError(2, 'get_class() exp...', '/home/kesdamkl/...', 48, Array)
#1 /home/kesdamkl/public_html/app/Exceptions/Handler.php(48): get_class(NULL)
#2 /home/kesdamkl/public_html/vendor/laravel/framework/src/Illuminate/Foundation/Bootstrap/HandleExceptions.php(123): App\Exceptions\Handler->render(Object(Illuminate\Http\Request), Object(ErrorException))
#3 /home/kesdamkl/public_html/vendor/laravel/framework/src/Illuminate/Foundation/Bootstrap/HandleExceptions.php(100): Illuminate\Foundation\Bootstrap\HandleExceptions->renderHttpResponse(Object(ErrorException))
#4 [internal function]: Illuminate\Foundation\Bootstrap\HandleExceptions->handleException(Object(ErrorException))
#5 {main}
  thrown in /home/kesdamkl/public_html/app/Exceptions/Handler.php on line 48
[26-Jun-2021 06:19:30 Asia/Jakarta] PHP Fatal error:  Uncaught ErrorException: get_class() expects parameter 1 to be object, null given in /home/kesdamkl/public_html/app/Exceptions/Handler.php:48
Stack trace:
#0 [internal function]: Illuminate\Foundation\Bootstrap\HandleExceptions->handleError(2, 'get_class() exp...', '/home/kesdamkl/...', 48, Array)
#1 /home/kesdamkl/public_html/app/Exceptions/Handler.php(48): get_class(NULL)
#2 /home/kesdamkl/public_html/vendor/laravel/framework/src/Illuminate/Foundation/Bootstrap/HandleExceptions.php(123): App\Exceptions\Handler->render(Object(Illuminate\Http\Request), Object(ErrorException))
#3 /home/kesdamkl/public_html/vendor/laravel/framework/src/Illuminate/Foundation/Bootstrap/HandleExceptions.php(100): Illuminate\Foundation\Bootstrap\HandleExceptions->renderHttpResponse(Object(ErrorException))
#4 [internal function]: Illuminate\Foundation\Bootstrap\HandleExceptions->handleException(Object(ErrorException))
#5 {main}
  thrown in /home/kesdamkl/public_html/app/Exceptions/Handler.php on line 48
[26-Jun-2021 06:19:30 Asia/Jakarta] PHP Fatal error:  Uncaught ErrorException: get_class() expects parameter 1 to be object, null given in /home/kesdamkl/public_html/app/Exceptions/Handler.php:48
Stack trace:
#0 [internal function]: Illuminate\Foundation\Bootstrap\HandleExceptions->handleError(2, 'get_class() exp...', '/home/kesdamkl/...', 48, Array)
#1 /home/kesdamkl/public_html/app/Exceptions/Handler.php(48): get_class(NULL)
#2 /home/kesdamkl/public_html/vendor/laravel/framework/src/Illuminate/Foundation/Bootstrap/HandleExceptions.php(123): App\Exceptions\Handler->render(Object(Illuminate\Http\Request), Object(ErrorException))
#3 /home/kesdamkl/public_html/vendor/laravel/framework/src/Illuminate/Foundation/Bootstrap/HandleExceptions.php(100): Illuminate\Foundation\Bootstrap\HandleExceptions->renderHttpResponse(Object(ErrorException))
#4 [internal function]: Illuminate\Foundation\Bootstrap\HandleExceptions->handleException(Object(ErrorException))
#5 {main}
  thrown in /home/kesdamkl/public_html/app/Exceptions/Handler.php on line 48
[26-Jun-2021 06:19:31 Asia/Jakarta] PHP Fatal error:  Uncaught ErrorException: get_class() expects parameter 1 to be object, null given in /home/kesdamkl/public_html/app/Exceptions/Handler.php:48
Stack trace:
#0 [internal function]: Illuminate\Foundation\Bootstrap\HandleExceptions->handleError(2, 'get_class() exp...', '/home/kesdamkl/...', 48, Array)
#1 /home/kesdamkl/public_html/app/Exceptions/Handler.php(48): get_class(NULL)
#2 /home/kesdamkl/public_html/vendor/laravel/framework/src/Illuminate/Foundation/Bootstrap/HandleExceptions.php(123): App\Exceptions\Handler->render(Object(Illuminate\Http\Request), Object(ErrorException))
#3 /home/kesdamkl/public_html/vendor/laravel/framework/src/Illuminate/Foundation/Bootstrap/HandleExceptions.php(100): Illuminate\Foundation\Bootstrap\HandleExceptions->renderHttpResponse(Object(ErrorException))
#4 [internal function]: Illuminate\Foundation\Bootstrap\HandleExceptions->handleException(Object(ErrorException))
#5 {main}
  thrown in /home/kesdamkl/public_html/app/Exceptions/Handler.php on line 48
[26-Jun-2021 06:22:32 Asia/Jakarta] PHP Fatal error:  Uncaught ErrorException: get_class() expects parameter 1 to be object, null given in /home/kesdamkl/public_html/app/Exceptions/Handler.php:48
Stack trace:
#0 [internal function]: Illuminate\Foundation\Bootstrap\HandleExceptions->handleError(2, 'get_class() exp...', '/home/kesdamkl/...', 48, Array)
#1 /home/kesdamkl/public_html/app/Exceptions/Handler.php(48): get_class(NULL)
#2 /home/kesdamkl/public_html/vendor/laravel/framework/src/Illuminate/Foundation/Bootstrap/HandleExceptions.php(123): App\Exceptions\Handler->render(Object(Illuminate\Http\Request), Object(ErrorException))
#3 /home/kesdamkl/public_html/vendor/laravel/framework/src/Illuminate/Foundation/Bootstrap/HandleExceptions.php(100): Illuminate\Foundation\Bootstrap\HandleExceptions->renderHttpResponse(Object(ErrorException))
#4 [internal function]: Illuminate\Foundation\Bootstrap\HandleExceptions->handleException(Object(ErrorException))
#5 {main}
  thrown in /home/kesdamkl/public_html/app/Exceptions/Handler.php on line 48
[26-Jun-2021 06:23:43 Asia/Jakarta] PHP Fatal error:  Uncaught ErrorException: get_class() expects parameter 1 to be object, null given in /home/kesdamkl/public_html/app/Exceptions/Handler.php:48
Stack trace:
#0 [internal function]: Illuminate\Foundation\Bootstrap\HandleExceptions->handleError(2, 'get_class() exp...', '/home/kesdamkl/...', 48, Array)
#1 /home/kesdamkl/public_html/app/Exceptions/Handler.php(48): get_class(NULL)
#2 /home/kesdamkl/public_html/vendor/laravel/framework/src/Illuminate/Foundation/Bootstrap/HandleExceptions.php(123): App\Exceptions\Handler->render(Object(Illuminate\Http\Request), Object(ErrorException))
#3 /home/kesdamkl/public_html/vendor/laravel/framework/src/Illuminate/Foundation/Bootstrap/HandleExceptions.php(100): Illuminate\Foundation\Bootstrap\HandleExceptions->renderHttpResponse(Object(ErrorException))
#4 [internal function]: Illuminate\Foundation\Bootstrap\HandleExceptions->handleException(Object(ErrorException))
#5 {main}
  thrown in /home/kesdamkl/public_html/app/Exceptions/Handler.php on line 48
[26-Jun-2021 06:24:13 Asia/Jakarta] PHP Fatal error:  Uncaught ErrorException: get_class() expects parameter 1 to be object, null given in /home/kesdamkl/public_html/app/Exceptions/Handler.php:48
Stack trace:
#0 [internal function]: Illuminate\Foundation\Bootstrap\HandleExceptions->handleError(2, 'get_class() exp...', '/home/kesdamkl/...', 48, Array)
#1 /home/kesdamkl/public_html/app/Exceptions/Handler.php(48): get_class(NULL)
#2 /home/kesdamkl/public_html/vendor/laravel/framework/src/Illuminate/Foundation/Bootstrap/HandleExceptions.php(123): App\Exceptions\Handler->render(Object(Illuminate\Http\Request), Object(ErrorException))
#3 /home/kesdamkl/public_html/vendor/laravel/framework/src/Illuminate/Foundation/Bootstrap/HandleExceptions.php(100): Illuminate\Foundation\Bootstrap\HandleExceptions->renderHttpResponse(Object(ErrorException))
#4 [internal function]: Illuminate\Foundation\Bootstrap\HandleExceptions->handleException(Object(ErrorException))
#5 {main}
  thrown in /home/kesdamkl/public_html/app/Exceptions/Handler.php on line 48
[26-Jun-2021 06:24:29 Asia/Jakarta] PHP Fatal error:  Uncaught ErrorException: get_class() expects parameter 1 to be object, null given in /home/kesdamkl/public_html/app/Exceptions/Handler.php:48
Stack trace:
#0 [internal function]: Illuminate\Foundation\Bootstrap\HandleExceptions->handleError(2, 'get_class() exp...', '/home/kesdamkl/...', 48, Array)
#1 /home/kesdamkl/public_html/app/Exceptions/Handler.php(48): get_class(NULL)
#2 /home/kesdamkl/public_html/vendor/laravel/framework/src/Illuminate/Foundation/Bootstrap/HandleExceptions.php(123): App\Exceptions\Handler->render(Object(Illuminate\Http\Request), Object(ErrorException))
#3 /home/kesdamkl/public_html/vendor/laravel/framework/src/Illuminate/Foundation/Bootstrap/HandleExceptions.php(100): Illuminate\Foundation\Bootstrap\HandleExceptions->renderHttpResponse(Object(ErrorException))
#4 [internal function]: Illuminate\Foundation\Bootstrap\HandleExceptions->handleException(Object(ErrorException))
#5 {main}
  thrown in /home/kesdamkl/public_html/app/Exceptions/Handler.php on line 48
[26-Jun-2021 06:25:01 Asia/Jakarta] PHP Fatal error:  Uncaught ErrorException: get_class() expects parameter 1 to be object, null given in /home/kesdamkl/public_html/app/Exceptions/Handler.php:48
Stack trace:
#0 [internal function]: Illuminate\Foundation\Bootstrap\HandleExceptions->handleError(2, 'get_class() exp...', '/home/kesdamkl/...', 48, Array)
#1 /home/kesdamkl/public_html/app/Exceptions/Handler.php(48): get_class(NULL)
#2 /home/kesdamkl/public_html/vendor/laravel/framework/src/Illuminate/Foundation/Bootstrap/HandleExceptions.php(123): App\Exceptions\Handler->render(Object(Illuminate\Http\Request), Object(ErrorException))
#3 /home/kesdamkl/public_html/vendor/laravel/framework/src/Illuminate/Foundation/Bootstrap/HandleExceptions.php(100): Illuminate\Foundation\Bootstrap\HandleExceptions->renderHttpResponse(Object(ErrorException))
#4 [internal function]: Illuminate\Foundation\Bootstrap\HandleExceptions->handleException(Object(ErrorException))
#5 {main}
  thrown in /home/kesdamkl/public_html/app/Exceptions/Handler.php on line 48
[26-Jun-2021 06:25:17 Asia/Jakarta] PHP Fatal error:  Uncaught ErrorException: get_class() expects parameter 1 to be object, null given in /home/kesdamkl/public_html/app/Exceptions/Handler.php:48
Stack trace:
#0 [internal function]: Illuminate\Foundation\Bootstrap\HandleExceptions->handleError(2, 'get_class() exp...', '/home/kesdamkl/...', 48, Array)
#1 /home/kesdamkl/public_html/app/Exceptions/Handler.php(48): get_class(NULL)
#2 /home/kesdamkl/public_html/vendor/laravel/framework/src/Illuminate/Foundation/Bootstrap/HandleExceptions.php(123): App\Exceptions\Handler->render(Object(Illuminate\Http\Request), Object(ErrorException))
#3 /home/kesdamkl/public_html/vendor/laravel/framework/src/Illuminate/Foundation/Bootstrap/HandleExceptions.php(100): Illuminate\Foundation\Bootstrap\HandleExceptions->renderHttpResponse(Object(ErrorException))
#4 [internal function]: Illuminate\Foundation\Bootstrap\HandleExceptions->handleException(Object(ErrorException))
#5 {main}
  thrown in /home/kesdamkl/public_html/app/Exceptions/Handler.php on line 48
[26-Jun-2021 06:25:20 Asia/Jakarta] PHP Fatal error:  Uncaught ErrorException: get_class() expects parameter 1 to be object, null given in /home/kesdamkl/public_html/app/Exceptions/Handler.php:48
Stack trace:
#0 [internal function]: Illuminate\Foundation\Bootstrap\HandleExceptions->handleError(2, 'get_class() exp...', '/home/kesdamkl/...', 48, Array)
#1 /home/kesdamkl/public_html/app/Exceptions/Handler.php(48): get_class(NULL)
#2 /home/kesdamkl/public_html/vendor/laravel/framework/src/Illuminate/Foundation/Bootstrap/HandleExceptions.php(123): App\Exceptions\Handler->render(Object(Illuminate\Http\Request), Object(ErrorException))
#3 /home/kesdamkl/public_html/vendor/laravel/framework/src/Illuminate/Foundation/Bootstrap/HandleExceptions.php(100): Illuminate\Foundation\Bootstrap\HandleExceptions->renderHttpResponse(Object(ErrorException))
#4 [internal function]: Illuminate\Foundation\Bootstrap\HandleExceptions->handleException(Object(ErrorException))
#5 {main}
  thrown in /home/kesdamkl/public_html/app/Exceptions/Handler.php on line 48
[26-Jun-2021 06:27:37 Asia/Jakarta] PHP Fatal error:  Uncaught ErrorException: get_class() expects parameter 1 to be object, null given in /home/kesdamkl/public_html/app/Exceptions/Handler.php:48
Stack trace:
#0 [internal function]: Illuminate\Foundation\Bootstrap\HandleExceptions->handleError(2, 'get_class() exp...', '/home/kesdamkl/...', 48, Array)
#1 /home/kesdamkl/public_html/app/Exceptions/Handler.php(48): get_class(NULL)
#2 /home/kesdamkl/public_html/vendor/laravel/framework/src/Illuminate/Foundation/Bootstrap/HandleExceptions.php(123): App\Exceptions\Handler->render(Object(Illuminate\Http\Request), Object(ErrorException))
#3 /home/kesdamkl/public_html/vendor/laravel/framework/src/Illuminate/Foundation/Bootstrap/HandleExceptions.php(100): Illuminate\Foundation\Bootstrap\HandleExceptions->renderHttpResponse(Object(ErrorException))
#4 [internal function]: Illuminate\Foundation\Bootstrap\HandleExceptions->handleException(Object(ErrorException))
#5 {main}
  thrown in /home/kesdamkl/public_html/app/Exceptions/Handler.php on line 48
[26-Jun-2021 06:27:38 Asia/Jakarta] PHP Fatal error:  Uncaught ErrorException: get_class() expects parameter 1 to be object, null given in /home/kesdamkl/public_html/app/Exceptions/Handler.php:48
Stack trace:
#0 [internal function]: Illuminate\Foundation\Bootstrap\HandleExceptions->handleError(2, 'get_class() exp...', '/home/kesdamkl/...', 48, Array)
#1 /home/kesdamkl/public_html/app/Exceptions/Handler.php(48): get_class(NULL)
#2 /home/kesdamkl/public_html/vendor/laravel/framework/src/Illuminate/Foundation/Bootstrap/HandleExceptions.php(123): App\Exceptions\Handler->render(Object(Illuminate\Http\Request), Object(ErrorException))
#3 /home/kesdamkl/public_html/vendor/laravel/framework/src/Illuminate/Foundation/Bootstrap/HandleExceptions.php(100): Illuminate\Foundation\Bootstrap\HandleExceptions->renderHttpResponse(Object(ErrorException))
#4 [internal function]: Illuminate\Foundation\Bootstrap\HandleExceptions->handleException(Object(ErrorException))
#5 {main}
  thrown in /home/kesdamkl/public_html/app/Exceptions/Handler.php on line 48
[26-Jun-2021 06:27:39 Asia/Jakarta] PHP Fatal error:  Uncaught ErrorException: get_class() expects parameter 1 to be object, null given in /home/kesdamkl/public_html/app/Exceptions/Handler.php:48
Stack trace:
#0 [internal function]: Illuminate\Foundation\Bootstrap\HandleExceptions->handleError(2, 'get_class() exp...', '/home/kesdamkl/...', 48, Array)
#1 /home/kesdamkl/public_html/app/Exceptions/Handler.php(48): get_class(NULL)
#2 /home/kesdamkl/public_html/vendor/laravel/framework/src/Illuminate/Foundation/Bootstrap/HandleExceptions.php(123): App\Exceptions\Handler->render(Object(Illuminate\Http\Request), Object(ErrorException))
#3 /home/kesdamkl/public_html/vendor/laravel/framework/src/Illuminate/Foundation/Bootstrap/HandleExceptions.php(100): Illuminate\Foundation\Bootstrap\HandleExceptions->renderHttpResponse(Object(ErrorException))
#4 [internal function]: Illuminate\Foundation\Bootstrap\HandleExceptions->handleException(Object(ErrorException))
#5 {main}
  thrown in /home/kesdamkl/public_html/app/Exceptions/Handler.php on line 48
[26-Jun-2021 06:27:45 Asia/Jakarta] PHP Fatal error:  Uncaught ErrorException: get_class() expects parameter 1 to be object, null given in /home/kesdamkl/public_html/app/Exceptions/Handler.php:48
Stack trace:
#0 [internal function]: Illuminate\Foundation\Bootstrap\HandleExceptions->handleError(2, 'get_class() exp...', '/home/kesdamkl/...', 48, Array)
#1 /home/kesdamkl/public_html/app/Exceptions/Handler.php(48): get_class(NULL)
#2 /home/kesdamkl/public_html/vendor/laravel/framework/src/Illuminate/Foundation/Bootstrap/HandleExceptions.php(123): App\Exceptions\Handler->render(Object(Illuminate\Http\Request), Object(ErrorException))
#3 /home/kesdamkl/public_html/vendor/laravel/framework/src/Illuminate/Foundation/Bootstrap/HandleExceptions.php(100): Illuminate\Foundation\Bootstrap\HandleExceptions->renderHttpResponse(Object(ErrorException))
#4 [internal function]: Illuminate\Foundation\Bootstrap\HandleExceptions->handleException(Object(ErrorException))
#5 {main}
  thrown in /home/kesdamkl/public_html/app/Exceptions/Handler.php on line 48
[26-Jun-2021 06:27:47 Asia/Jakarta] PHP Fatal error:  Uncaught ErrorException: get_class() expects parameter 1 to be object, null given in /home/kesdamkl/public_html/app/Exceptions/Handler.php:48
Stack trace:
#0 [internal function]: Illuminate\Foundation\Bootstrap\HandleExceptions->handleError(2, 'get_class() exp...', '/home/kesdamkl/...', 48, Array)
#1 /home/kesdamkl/public_html/app/Exceptions/Handler.php(48): get_class(NULL)
#2 /home/kesdamkl/public_html/vendor/laravel/framework/src/Illuminate/Foundation/Bootstrap/HandleExceptions.php(123): App\Exceptions\Handler->render(Object(Illuminate\Http\Request), Object(ErrorException))
#3 /home/kesdamkl/public_html/vendor/laravel/framework/src/Illuminate/Foundation/Bootstrap/HandleExceptions.php(100): Illuminate\Foundation\Bootstrap\HandleExceptions->renderHttpResponse(Object(ErrorException))
#4 [internal function]: Illuminate\Foundation\Bootstrap\HandleExceptions->handleException(Object(ErrorException))
#5 {main}
  thrown in /home/kesdamkl/public_html/app/Exceptions/Handler.php on line 48
[26-Jun-2021 06:27:55 Asia/Jakarta] PHP Fatal error:  Uncaught ErrorException: get_class() expects parameter 1 to be object, null given in /home/kesdamkl/public_html/app/Exceptions/Handler.php:48
Stack trace:
#0 [internal function]: Illuminate\Foundation\Bootstrap\HandleExceptions->handleError(2, 'get_class() exp...', '/home/kesdamkl/...', 48, Array)
#1 /home/kesdamkl/public_html/app/Exceptions/Handler.php(48): get_class(NULL)
#2 /home/kesdamkl/public_html/vendor/laravel/framework/src/Illuminate/Foundation/Bootstrap/HandleExceptions.php(123): App\Exceptions\Handler->render(Object(Illuminate\Http\Request), Object(ErrorException))
#3 /home/kesdamkl/public_html/vendor/laravel/framework/src/Illuminate/Foundation/Bootstrap/HandleExceptions.php(100): Illuminate\Foundation\Bootstrap\HandleExceptions->renderHttpResponse(Object(ErrorException))
#4 [internal function]: Illuminate\Foundation\Bootstrap\HandleExceptions->handleException(Object(ErrorException))
#5 {main}
  thrown in /home/kesdamkl/public_html/app/Exceptions/Handler.php on line 48
[26-Jun-2021 06:27:56 Asia/Jakarta] PHP Fatal error:  Uncaught ErrorException: get_class() expects parameter 1 to be object, null given in /home/kesdamkl/public_html/app/Exceptions/Handler.php:48
Stack trace:
#0 [internal function]: Illuminate\Foundation\Bootstrap\HandleExceptions->handleError(2, 'get_class() exp...', '/home/kesdamkl/...', 48, Array)
#1 /home/kesdamkl/public_html/app/Exceptions/Handler.php(48): get_class(NULL)
#2 /home/kesdamkl/public_html/vendor/laravel/framework/src/Illuminate/Foundation/Bootstrap/HandleExceptions.php(123): App\Exceptions\Handler->render(Object(Illuminate\Http\Request), Object(ErrorException))
#3 /home/kesdamkl/public_html/vendor/laravel/framework/src/Illuminate/Foundation/Bootstrap/HandleExceptions.php(100): Illuminate\Foundation\Bootstrap\HandleExceptions->renderHttpResponse(Object(ErrorException))
#4 [internal function]: Illuminate\Foundation\Bootstrap\HandleExceptions->handleException(Object(ErrorException))
#5 {main}
  thrown in /home/kesdamkl/public_html/app/Exceptions/Handler.php on line 48
[26-Jun-2021 06:28:00 Asia/Jakarta] PHP Fatal error:  Uncaught ErrorException: get_class() expects parameter 1 to be object, null given in /home/kesdamkl/public_html/app/Exceptions/Handler.php:48
Stack trace:
#0 [internal function]: Illuminate\Foundation\Bootstrap\HandleExceptions->handleError(2, 'get_class() exp...', '/home/kesdamkl/...', 48, Array)
#1 /home/kesdamkl/public_html/app/Exceptions/Handler.php(48): get_class(NULL)
#2 /home/kesdamkl/public_html/vendor/laravel/framework/src/Illuminate/Foundation/Bootstrap/HandleExceptions.php(123): App\Exceptions\Handler->render(Object(Illuminate\Http\Request), Object(ErrorException))
#3 /home/kesdamkl/public_html/vendor/laravel/framework/src/Illuminate/Foundation/Bootstrap/HandleExceptions.php(100): Illuminate\Foundation\Bootstrap\HandleExceptions->renderHttpResponse(Object(ErrorException))
#4 [internal function]: Illuminate\Foundation\Bootstrap\HandleExceptions->handleException(Object(ErrorException))
#5 {main}
  thrown in /home/kesdamkl/public_html/app/Exceptions/Handler.php on line 48
[26-Jun-2021 06:28:22 Asia/Jakarta] PHP Fatal error:  Uncaught ErrorException: get_class() expects parameter 1 to be object, null given in /home/kesdamkl/public_html/app/Exceptions/Handler.php:48
Stack trace:
#0 [internal function]: Illuminate\Foundation\Bootstrap\HandleExceptions->handleError(2, 'get_class() exp...', '/home/kesdamkl/...', 48, Array)
#1 /home/kesdamkl/public_html/app/Exceptions/Handler.php(48): get_class(NULL)
#2 /home/kesdamkl/public_html/vendor/laravel/framework/src/Illuminate/Foundation/Bootstrap/HandleExceptions.php(123): App\Exceptions\Handler->render(Object(Illuminate\Http\Request), Object(ErrorException))
#3 /home/kesdamkl/public_html/vendor/laravel/framework/src/Illuminate/Foundation/Bootstrap/HandleExceptions.php(100): Illuminate\Foundation\Bootstrap\HandleExceptions->renderHttpResponse(Object(ErrorException))
#4 [internal function]: Illuminate\Foundation\Bootstrap\HandleExceptions->handleException(Object(ErrorException))
#5 {main}
  thrown in /home/kesdamkl/public_html/app/Exceptions/Handler.php on line 48
[26-Jun-2021 06:28:24 Asia/Jakarta] PHP Fatal error:  Uncaught ErrorException: get_class() expects parameter 1 to be object, null given in /home/kesdamkl/public_html/app/Exceptions/Handler.php:48
Stack trace:
#0 [internal function]: Illuminate\Foundation\Bootstrap\HandleExceptions->handleError(2, 'get_class() exp...', '/home/kesdamkl/...', 48, Array)
#1 /home/kesdamkl/public_html/app/Exceptions/Handler.php(48): get_class(NULL)
#2 /home/kesdamkl/public_html/vendor/laravel/framework/src/Illuminate/Foundation/Bootstrap/HandleExceptions.php(123): App\Exceptions\Handler->render(Object(Illuminate\Http\Request), Object(ErrorException))
#3 /home/kesdamkl/public_html/vendor/laravel/framework/src/Illuminate/Foundation/Bootstrap/HandleExceptions.php(100): Illuminate\Foundation\Bootstrap\HandleExceptions->renderHttpResponse(Object(ErrorException))
#4 [internal function]: Illuminate\Foundation\Bootstrap\HandleExceptions->handleException(Object(ErrorException))
#5 {main}
  thrown in /home/kesdamkl/public_html/app/Exceptions/Handler.php on line 48
[26-Jun-2021 06:30:03 Asia/Jakarta] PHP Fatal error:  Uncaught ErrorException: get_class() expects parameter 1 to be object, null given in /home/kesdamkl/public_html/app/Exceptions/Handler.php:48
Stack trace:
#0 [internal function]: Illuminate\Foundation\Bootstrap\HandleExceptions->handleError(2, 'get_class() exp...', '/home/kesdamkl/...', 48, Array)
#1 /home/kesdamkl/public_html/app/Exceptions/Handler.php(48): get_class(NULL)
#2 /home/kesdamkl/public_html/vendor/laravel/framework/src/Illuminate/Foundation/Bootstrap/HandleExceptions.php(123): App\Exceptions\Handler->render(Object(Illuminate\Http\Request), Object(ErrorException))
#3 /home/kesdamkl/public_html/vendor/laravel/framework/src/Illuminate/Foundation/Bootstrap/HandleExceptions.php(100): Illuminate\Foundation\Bootstrap\HandleExceptions->renderHttpResponse(Object(ErrorException))
#4 [internal function]: Illuminate\Foundation\Bootstrap\HandleExceptions->handleException(Object(ErrorException))
#5 {main}
  thrown in /home/kesdamkl/public_html/app/Exceptions/Handler.php on line 48
[26-Jun-2021 06:30:04 Asia/Jakarta] PHP Fatal error:  Uncaught ErrorException: get_class() expects parameter 1 to be object, null given in /home/kesdamkl/public_html/app/Exceptions/Handler.php:48
Stack trace:
#0 [internal function]: Illuminate\Foundation\Bootstrap\HandleExceptions->handleError(2, 'get_class() exp...', '/home/kesdamkl/...', 48, Array)
#1 /home/kesdamkl/public_html/app/Exceptions/Handler.php(48): get_class(NULL)
#2 /home/kesdamkl/public_html/vendor/laravel/framework/src/Illuminate/Foundation/Bootstrap/HandleExceptions.php(123): App\Exceptions\Handler->render(Object(Illuminate\Http\Request), Object(ErrorException))
#3 /home/kesdamkl/public_html/vendor/laravel/framework/src/Illuminate/Foundation/Bootstrap/HandleExceptions.php(100): Illuminate\Foundation\Bootstrap\HandleExceptions->renderHttpResponse(Object(ErrorException))
#4 [internal function]: Illuminate\Foundation\Bootstrap\HandleExceptions->handleException(Object(ErrorException))
#5 {main}
  thrown in /home/kesdamkl/public_html/app/Exceptions/Handler.php on line 48
[28-Sep-2022 11:00:30 UTC] PHP Fatal error:  Composer detected issues in your platform: Your Composer dependencies require a PHP version ">= 7.2.5". You are running 5.6.40. in /home/kebumen2/public_html/vendor/composer/platform_check.php on line 25
[28-Sep-2022 11:00:45 UTC] PHP Fatal error:  Composer detected issues in your platform: Your Composer dependencies require a PHP version ">= 7.2.5". You are running 5.6.40. in /home/kebumen2/public_html/vendor/composer/platform_check.php on line 25
[28-Sep-2022 11:02:20 UTC] PHP Fatal error:  Composer detected issues in your platform: Your Composer dependencies require a PHP version ">= 7.2.5". You are running 5.6.40. in /home/kebumen2/public_html/vendor/composer/platform_check.php on line 25
[28-Sep-2022 18:28:30 Asia/Jakarta] PHP Fatal error:  Interface 'JsonSerializable' not found in /home/kebumen2/public_html/vendor/laravel/framework/src/Illuminate/Support/Collection.php on line 40
[28-Sep-2022 18:28:35 Asia/Jakarta] PHP Fatal error:  Interface 'JsonSerializable' not found in /home/kebumen2/public_html/vendor/laravel/framework/src/Illuminate/Support/Collection.php on line 40
